#
# There is insufficient memory for the Java Runtime Environment to continue.
# Native memory allocation (malloc) failed to allocate 1226736 bytes for Chunk::new
# Possible reasons:
#   The system is out of physical RAM or swap space
#   The process is running with CompressedOops enabled, and the Java Heap may be blocking the growth of the native heap
# Possible solutions:
#   Reduce memory load on the system
#   Increase physical memory or swap space
#   Check if swap backing store is full
#   Decrease Java heap size (-Xmx/-Xms)
#   Decrease number of Java threads
#   Decrease Java thread stack sizes (-Xss)
#   Set larger code cache with -XX:ReservedCodeCacheSize=
#   JVM is running with Unscaled Compressed Oops mode in which the Java heap is
#     placed in the first 4GB address space. The Java Heap base address is the
#     maximum limit for the native heap growth. Please use -XX:HeapBaseMinAddress
#     to set the Java Heap base and to place the Java Heap above 4GB virtual address.
# This output file may be truncated or incomplete.
#
#  Out of Memory Error (allocation.cpp:389), pid=19512, tid=0x0000000000014264
#
# JRE version: Java(TM) SE Runtime Environment (8.0_231-b11) (build 1.8.0_231-b11)
# Java VM: Java HotSpot(TM) 64-Bit Server VM (25.231-b11 mixed mode windows-amd64 compressed oops)
# Failed to write core dump. Minidumps are not enabled by default on client versions of Windows
#

---------------  T H R E A D  ---------------

Current thread (0x00000000198bd000):  JavaThread "C2 CompilerThread0" daemon [_thread_in_native, id=82532, stack(0x0000000019e70000,0x0000000019f70000)]

Stack: [0x0000000019e70000,0x0000000019f70000]
[error occurred during error reporting (printing stack bounds), id 0xc0000005]

Native frames: (J=compiled Java code, j=interpreted, Vv=VM code, C=native code)


Current CompileTask:
C2:3156237 21217       4       com.android.tools.r8.ir.conversion.o::a (270 bytes)


---------------  P R O C E S S  ---------------

Java Threads: ( => current thread )
  0x000000002592c800 JavaThread "ForkJoinPool.commonPool-worker-5" daemon [_thread_blocked, id=16840, stack(0x000000002c810000,0x000000002c910000)]
  0x000000002592e000 JavaThread "ForkJoinPool.commonPool-worker-4" daemon [_thread_blocked, id=115540, stack(0x000000002c710000,0x000000002c810000)]
  0x0000000025932000 JavaThread "ForkJoinPool.commonPool-worker-3" daemon [_thread_blocked, id=24660, stack(0x000000002c610000,0x000000002c710000)]
  0x0000000021adc000 JavaThread "ForkJoinPool.commonPool-worker-2" daemon [_thread_blocked, id=150412, stack(0x000000002c510000,0x000000002c610000)]
  0x0000000021ae0800 JavaThread "ForkJoinPool.commonPool-worker-1" daemon [_thread_blocked, id=30136, stack(0x000000002c410000,0x000000002c510000)]
  0x000000001ffca800 JavaThread "WorkerExecutor Queue Thread 7" [_thread_blocked, id=167320, stack(0x000000002abf0000,0x000000002acf0000)]
  0x000000001ffd1800 JavaThread "Cache worker for Java compile cache (D:\Android\AndroidProjects\MyProjects\ViewPager2Demo\.gradle\6.1.1\javaCompile)" [_thread_blocked, id=82984, stack(0x000000002a4f0000,0x000000002a5f0000)]
  0x000000001ffcd000 JavaThread "Cache worker for Java compile cache (D:\Android\.gradle\caches\6.1.1\javaCompile)" [_thread_blocked, id=23508, stack(0x0000000029fd0000,0x000000002a0d0000)]
  0x000000001ffd0800 JavaThread "stdout" [_thread_in_native, id=48132, stack(0x0000000029ed0000,0x0000000029fd0000)]
  0x000000001ffd0000 JavaThread "stderr" [_thread_in_native, id=21844, stack(0x0000000029dd0000,0x0000000029ed0000)]
  0x000000001ffc8800 JavaThread "stdout" [_thread_in_native, id=141648, stack(0x0000000029cd0000,0x0000000029dd0000)]
  0x000000001ffce800 JavaThread "stderr" [_thread_in_native, id=25228, stack(0x0000000029bd0000,0x0000000029cd0000)]
  0x000000001ffcf000 JavaThread "stdout" [_thread_in_native, id=167176, stack(0x0000000029ad0000,0x0000000029bd0000)]
  0x000000001ffcb800 JavaThread "stderr" [_thread_in_native, id=84360, stack(0x00000000299d0000,0x0000000029ad0000)]
  0x000000001ffc7800 JavaThread "stdout" [_thread_in_native, id=158960, stack(0x00000000298d0000,0x00000000299d0000)]
  0x000000001ffc7000 JavaThread "stderr" [_thread_in_native, id=24076, stack(0x00000000297d0000,0x00000000298d0000)]
  0x000000001ffc4000 JavaThread "stdout" [_thread_in_native, id=122452, stack(0x00000000296d0000,0x00000000297d0000)]
  0x000000001ffc9000 JavaThread "stderr" [_thread_in_native, id=102904, stack(0x00000000295d0000,0x00000000296d0000)]
  0x000000001ffc5800 JavaThread "Java2D Disposer" daemon [_thread_blocked, id=124636, stack(0x00000000294d0000,0x00000000295d0000)]
  0x000000001ffc3000 JavaThread "WorkerExecutor Queue Thread 6" [_thread_blocked, id=46996, stack(0x00000000290d0000,0x00000000291d0000)]
  0x000000001a398800 JavaThread "WorkerExecutor Queue Thread 5" [_thread_blocked, id=56392, stack(0x0000000028fd0000,0x00000000290d0000)]
  0x000000001a39f000 JavaThread "WorkerExecutor Queue Thread 4" [_thread_blocked, id=138808, stack(0x0000000028ed0000,0x0000000028fd0000)]
  0x000000001a39e800 JavaThread "WorkerExecutor Queue Thread 3" [_thread_blocked, id=106528, stack(0x0000000028dd0000,0x0000000028ed0000)]
  0x000000001a39d000 JavaThread "WorkerExecutor Queue Thread 2" [_thread_blocked, id=138784, stack(0x0000000028aa0000,0x0000000028ba0000)]
  0x0000000021ae4800 JavaThread "stdout" [_thread_in_native, id=97096, stack(0x0000000028cd0000,0x0000000028dd0000)]
  0x0000000021ae3800 JavaThread "stderr" [_thread_in_native, id=66080, stack(0x0000000028bd0000,0x0000000028cd0000)]
  0x0000000021ade800 JavaThread "pool-12-thread-1" [_thread_blocked, id=133324, stack(0x00000000289a0000,0x0000000028aa0000)]
  0x0000000021ae1800 JavaThread "WorkerExecutor Queue" [_thread_blocked, id=168596, stack(0x00000000288a0000,0x00000000289a0000)]
  0x0000000021ae2000 JavaThread "Cache worker for execution history cache (D:\Android\AndroidProjects\MyProjects\ViewPager2Demo\.gradle\6.1.1\executionHistory)" [_thread_blocked, id=18160, stack(0x00000000285a0000,0x00000000286a0000)]
  0x0000000021ae0000 JavaThread "Execution worker for ':' Thread 5" [_thread_blocked, id=131004, stack(0x00000000284a0000,0x00000000285a0000)]
  0x0000000021ad6000 JavaThread "Execution worker for ':' Thread 4" [_thread_blocked, id=100808, stack(0x00000000283a0000,0x00000000284a0000)]
  0x0000000021ad9000 JavaThread "Execution worker for ':' Thread 3" [_thread_blocked, id=17052, stack(0x00000000282a0000,0x00000000283a0000)]
  0x0000000021ad8800 JavaThread "Execution worker for ':' Thread 2" [_thread_blocked, id=30544, stack(0x00000000281a0000,0x00000000282a0000)]
  0x0000000021ad5800 JavaThread "Execution worker for ':'" [_thread_in_Java, id=37984, stack(0x00000000280a0000,0x00000000281a0000)]
  0x0000000021ad7800 JavaThread "Cache worker for file content cache (D:\Android\AndroidProjects\MyProjects\ViewPager2Demo\.gradle\6.1.1\fileContent)" [_thread_blocked, id=127032, stack(0x0000000027fa0000,0x00000000280a0000)]
  0x0000000021ad7000 JavaThread "Cache worker for file content cache (D:\Android\.gradle\caches\6.1.1\fileContent)" [_thread_blocked, id=86404, stack(0x0000000027aa0000,0x0000000027ba0000)]
  0x0000000021adb800 JavaThread "Memory manager" [_thread_blocked, id=114896, stack(0x0000000026d00000,0x0000000026e00000)]
  0x00000000227ac000 JavaThread "Cache worker for Build Output Cleanup Cache (D:\Android\AndroidProjects\MyProjects\ViewPager2Demo\.gradle\buildOutputCleanup)" [_thread_blocked, id=84048, stack(0x0000000024a30000,0x0000000024b30000)]
  0x00000000227aa800 JavaThread "Build operations Thread 6" [_thread_blocked, id=59020, stack(0x00000000242a0000,0x00000000243a0000)]
  0x00000000227a9000 JavaThread "Build operations Thread 5" [_thread_blocked, id=124980, stack(0x00000000241a0000,0x00000000242a0000)]
  0x00000000227ab800 JavaThread "Build operations Thread 4" [_thread_blocked, id=121748, stack(0x00000000239e0000,0x0000000023ae0000)]
  0x00000000227aa000 JavaThread "Build operations Thread 3" [_thread_blocked, id=26212, stack(0x0000000023620000,0x0000000023720000)]
  0x00000000227a8800 JavaThread "Build operations Thread 2" [_thread_blocked, id=122736, stack(0x00000000209a0000,0x0000000020aa0000)]
  0x00000000227a7800 JavaThread "Build operations" [_thread_blocked, id=146920, stack(0x00000000205e0000,0x00000000206e0000)]
  0x00000000227a0000 JavaThread "Cache worker for cache directory md-rule (D:\Android\.gradle\caches\6.1.1\md-rule)" [_thread_blocked, id=166816, stack(0x00000000204e0000,0x00000000205e0000)]
  0x00000000227a1000 JavaThread "Cache worker for cache directory md-supplier (D:\Android\.gradle\caches\6.1.1\md-supplier)" [_thread_blocked, id=48516, stack(0x000000001ef90000,0x000000001f090000)]
  0x00000000227a7000 JavaThread "Cache worker for file hash cache (D:\Android\AndroidProjects\MyProjects\ViewPager2Demo\.gradle\6.1.1\fileHashes)" [_thread_blocked, id=22644, stack(0x000000001d8c0000,0x000000001d9c0000)]
  0x00000000227a6000 JavaThread "Cache worker for checksums cache (D:\Android\AndroidProjects\MyProjects\ViewPager2Demo\.gradle\checksums)" [_thread_blocked, id=154712, stack(0x000000001d7c0000,0x000000001d8c0000)]
  0x000000002279f800 JavaThread "Thread-97" [_thread_blocked, id=8196, stack(0x000000001d6c0000,0x000000001d7c0000)]
  0x00000000227a1800 JavaThread "Stdin handler" [_thread_blocked, id=142236, stack(0x000000001d5c0000,0x000000001d6c0000)]
  0x000000002279e800 JavaThread "Asynchronous log dispatcher for DefaultDaemonConnection: socket connection from /127.0.0.1:1356 to /127.0.0.1:2679" [_thread_blocked, id=53768, stack(0x000000001d4c0000,0x000000001d5c0000)]
  0x00000000227a5800 JavaThread "Daemon worker Thread 5" [_thread_in_Java, id=15768, stack(0x000000001d1c0000,0x000000001d2c0000)]
  0x000000002279e000 JavaThread "Cancel handler" [_thread_blocked, id=160188, stack(0x000000001d0c0000,0x000000001d1c0000)]
  0x00000000227a4800 JavaThread "Handler for socket connection from /127.0.0.1:1356 to /127.0.0.1:2679" [_thread_in_native, id=91320, stack(0x0000000001150000,0x0000000001250000)]
  0x00000000227a2800 JavaThread "Daemon Thread 5" [_thread_blocked, id=29564, stack(0x0000000001050000,0x0000000001150000)]
  0x000000001a399000 JavaThread "Cache worker for execution history cache (D:\Android\.gradle\caches\6.1.1\executionHistory)" [_thread_blocked, id=88184, stack(0x0000000021b50000,0x0000000021c50000)]
  0x000000001a39c000 JavaThread "Cache worker for file hash cache (D:\Android\.gradle\caches\6.1.1\fileHashes)" [_thread_blocked, id=43612, stack(0x000000001dec0000,0x000000001dfc0000)]
  0x000000001a39d800 JavaThread "File lock request listener" [_thread_in_native, id=112800, stack(0x000000001ddc0000,0x000000001dec0000)]
  0x000000001a39b800 JavaThread "Cache worker for journal cache (D:\Android\.gradle\caches\journal-1)" [_thread_blocked, id=34380, stack(0x000000001dbc0000,0x000000001dcc0000)]
  0x000000001beda800 JavaThread "Daemon periodic checks" [_thread_blocked, id=19476, stack(0x000000001cfc0000,0x000000001d0c0000)]
  0x000000001bb39000 JavaThread "Incoming local TCP Connector on port 1356" [_thread_in_native, id=79032, stack(0x000000001ce10000,0x000000001cf10000)]
  0x000000001ac21000 JavaThread "Daemon health stats" [_thread_blocked, id=124460, stack(0x000000001cb10000,0x000000001cc10000)]
  0x0000000019940800 JavaThread "Service Thread" daemon [_thread_blocked, id=33360, stack(0x000000001a170000,0x000000001a270000)]
  0x00000000198c6000 JavaThread "C1 CompilerThread2" daemon [_thread_blocked, id=134396, stack(0x000000001a070000,0x000000001a170000)]
  0x00000000198bf000 JavaThread "C2 CompilerThread1" daemon [_thread_in_native, id=151384, stack(0x0000000019f70000,0x000000001a070000)]
=>0x00000000198bd000 JavaThread "C2 CompilerThread0" daemon [_thread_in_native, id=82532, stack(0x0000000019e70000,0x0000000019f70000)]
  0x0000000017f00000 JavaThread "Attach Listener" daemon [_thread_blocked, id=98160, stack(0x0000000019d70000,0x0000000019e70000)]
  0x00000000198ba000 JavaThread "Signal Dispatcher" daemon [_thread_blocked, id=72476, stack(0x0000000019c70000,0x0000000019d70000)]
  0x000000000308d000 JavaThread "Finalizer" daemon [_thread_blocked, id=96476, stack(0x0000000019770000,0x0000000019870000)]
  0x0000000017edc000 JavaThread "Reference Handler" daemon [_thread_blocked, id=160392, stack(0x0000000019670000,0x0000000019770000)]
  0x00000000012ae800 JavaThread "main" [_thread_blocked, id=155164, stack(0x0000000002ae0000,0x0000000002be0000)]

Other Threads:
  0x0000000017eb8000 VMThread [stack: 0x0000000019570000,0x0000000019670000] [id=111152]
  0x000000001996c800 WatcherThread [stack: 0x000000001a270000,0x000000001a370000] [id=112108]

VM state:not at safepoint (normal execution)

VM Mutex/Monitor currently owned by a thread:  ([mutex/lock_event])
[0x00000000012ad120] CodeCache_lock - owner thread: 0x00000000198c6000
[0x0000000002f919d0] Compile_lock - owner thread: 0x0000000000000000

heap address: 0x0000000080000000, size: 2048 MB, Compressed Oops mode: 32-bit
Narrow klass base: 0x0000000000000000, Narrow klass shift: 3
Compressed class space size: 1073741824 Address: 0x0000000100000000

Heap:
 PSYoungGen      total 423936K, used 322182K [0x00000000d5580000, 0x00000000f5a80000, 0x0000000100000000)
  eden space 389120K, 73% used [0x00000000d5580000,0x00000000e6e27110,0x00000000ed180000)
  from space 34816K, 99% used [0x00000000f3880000,0x00000000f5a7aa80,0x00000000f5a80000)
  to   space 36864K, 0% used [0x00000000ed180000,0x00000000ed180000,0x00000000ef580000)
 ParOldGen       total 243200K, used 60959K [0x0000000080000000, 0x000000008ed80000, 0x00000000d5580000)
  object space 243200K, 25% used [0x0000000080000000,0x0000000083b87f88,0x000000008ed80000)
 Metaspace       used 111763K, capacity 117464K, committed 117696K, reserved 1150976K
  class space    used 14639K, capacity 15726K, committed 15872K, reserved 1048576K

Card table byte_map: [0x0000000012450000,0x0000000012860000] byte_map_base: 0x0000000012050000

Marking Bits: (ParMarkBitMap*) 0x0000000056306d90
 Begin Bits: [0x0000000013110000, 0x0000000015110000)
 End Bits:   [0x0000000015110000, 0x0000000017110000)

Polling page: 0x0000000000e30000

CodeCache: size=245760Kb used=60797Kb max_used=60797Kb free=184962Kb
 bounds [0x0000000003090000, 0x0000000006c40000, 0x0000000012090000]
 total_blobs=18742 nmethods=17705 adapters=945
 compilation: enabled

Compilation events (10 events):
Event: 3156.226 Thread 0x00000000198c6000 nmethod 21428 0x0000000006c2d6d0 code [0x0000000006c2d880, 0x0000000006c2dc38]
Event: 3156.227 Thread 0x00000000198c6000 21352       1       com.android.tools.r8.ir.conversion.K::c (5 bytes)
Event: 3156.227 Thread 0x00000000198c6000 nmethod 21352 0x0000000006c2de50 code [0x0000000006c2dfa0, 0x0000000006c2e0b0]
Event: 3156.227 Thread 0x00000000198c6000 21413       2       com.android.tools.r8.ir.regalloc.b::t (25 bytes)
Event: 3156.227 Thread 0x00000000198c6000 nmethod 21413 0x0000000006c2e110 code [0x0000000006c2e280, 0x0000000006c2e4a8]
Event: 3156.227 Thread 0x00000000198c6000 21414       2       com.android.tools.r8.ir.regalloc.b::v (41 bytes)
Event: 3156.227 Thread 0x00000000198c6000 nmethod 21414 0x0000000006c2e5d0 code [0x0000000006c2e740, 0x0000000006c2e938]
Event: 3156.227 Thread 0x00000000198c6000 21429       2       com.android.tools.r8.ir.regalloc.h::a (42 bytes)
Event: 3156.227 Thread 0x00000000198c6000 nmethod 21429 0x0000000006c2ea50 code [0x0000000006c2ec40, 0x0000000006c2f028]
Event: 3156.227 Thread 0x00000000198c6000 21430       3       com.android.tools.r8.ir.optimize.l::a (590 bytes)

GC Heap History (10 events):
Event: 3150.009 GC heap before
{Heap before GC invocations=16 (full 3):
 PSYoungGen      total 352768K, used 352364K [0x00000000d5580000, 0x00000000ed380000, 0x0000000100000000)
  eden space 333312K, 100% used [0x00000000d5580000,0x00000000e9b00000,0x00000000e9b00000)
  from space 19456K, 97% used [0x00000000ec080000,0x00000000ed31b128,0x00000000ed380000)
  to   space 28160K, 0% used [0x00000000e9c80000,0x00000000e9c80000,0x00000000eb800000)
 ParOldGen       total 168448K, used 63422K [0x0000000080000000, 0x000000008a480000, 0x00000000d5580000)
  object space 168448K, 37% used [0x0000000080000000,0x0000000083def928,0x000000008a480000)
 Metaspace       used 91493K, capacity 96728K, committed 96984K, reserved 1132544K
  class space    used 12040K, capacity 13048K, committed 13056K, reserved 1048576K
Event: 3150.033 GC heap after
Heap after GC invocations=16 (full 3):
 PSYoungGen      total 363008K, used 28157K [0x00000000d5580000, 0x00000000f1900000, 0x0000000100000000)
  eden space 334848K, 0% used [0x00000000d5580000,0x00000000d5580000,0x00000000e9c80000)
  from space 28160K, 99% used [0x00000000e9c80000,0x00000000eb7ff4c8,0x00000000eb800000)
  to   space 36352K, 0% used [0x00000000ef580000,0x00000000ef580000,0x00000000f1900000)
 ParOldGen       total 168448K, used 75774K [0x0000000080000000, 0x000000008a480000, 0x00000000d5580000)
  object space 168448K, 44% used [0x0000000080000000,0x00000000849ff938,0x000000008a480000)
 Metaspace       used 91493K, capacity 96728K, committed 96984K, reserved 1132544K
  class space    used 12040K, capacity 13048K, committed 13056K, reserved 1048576K
}
Event: 3150.851 GC heap before
{Heap before GC invocations=17 (full 3):
 PSYoungGen      total 363008K, used 93962K [0x00000000d5580000, 0x00000000f1900000, 0x0000000100000000)
  eden space 334848K, 19% used [0x00000000d5580000,0x00000000d95c35c0,0x00000000e9c80000)
  from space 28160K, 99% used [0x00000000e9c80000,0x00000000eb7ff4c8,0x00000000eb800000)
  to   space 36352K, 0% used [0x00000000ef580000,0x00000000ef580000,0x00000000f1900000)
 ParOldGen       total 168448K, used 75774K [0x0000000080000000, 0x000000008a480000, 0x00000000d5580000)
  object space 168448K, 44% used [0x0000000080000000,0x00000000849ff938,0x000000008a480000)
 Metaspace       used 93070K, capacity 98388K, committed 98496K, reserved 1134592K
  class space    used 12245K, capacity 13290K, committed 13312K, reserved 1048576K
Event: 3150.870 GC heap after
Heap after GC invocations=17 (full 3):
 PSYoungGen      total 425472K, used 4011K [0x00000000d5580000, 0x00000000f1d80000, 0x0000000100000000)
  eden space 389120K, 0% used [0x00000000d5580000,0x00000000d5580000,0x00000000ed180000)
  from space 36352K, 11% used [0x00000000ef580000,0x00000000ef96aee0,0x00000000f1900000)
  to   space 36864K, 0% used [0x00000000ed180000,0x00000000ed180000,0x00000000ef580000)
 ParOldGen       total 168448K, used 102768K [0x0000000080000000, 0x000000008a480000, 0x00000000d5580000)
  object space 168448K, 61% used [0x0000000080000000,0x000000008645c0d0,0x000000008a480000)
 Metaspace       used 93070K, capacity 98388K, committed 98496K, reserved 1134592K
  class space    used 12245K, capacity 13290K, committed 13312K, reserved 1048576K
}
Event: 3150.870 GC heap before
{Heap before GC invocations=18 (full 4):
 PSYoungGen      total 425472K, used 4011K [0x00000000d5580000, 0x00000000f1d80000, 0x0000000100000000)
  eden space 389120K, 0% used [0x00000000d5580000,0x00000000d5580000,0x00000000ed180000)
  from space 36352K, 11% used [0x00000000ef580000,0x00000000ef96aee0,0x00000000f1900000)
  to   space 36864K, 0% used [0x00000000ed180000,0x00000000ed180000,0x00000000ef580000)
 ParOldGen       total 168448K, used 102768K [0x0000000080000000, 0x000000008a480000, 0x00000000d5580000)
  object space 168448K, 61% used [0x0000000080000000,0x000000008645c0d0,0x000000008a480000)
 Metaspace       used 93070K, capacity 98388K, committed 98496K, reserved 1134592K
  class space    used 12245K, capacity 13290K, committed 13312K, reserved 1048576K
Event: 3151.034 GC heap after
Heap after GC invocations=18 (full 4):
 PSYoungGen      total 425472K, used 0K [0x00000000d5580000, 0x00000000f1d80000, 0x0000000100000000)
  eden space 389120K, 0% used [0x00000000d5580000,0x00000000d5580000,0x00000000ed180000)
  from space 36352K, 0% used [0x00000000ef580000,0x00000000ef580000,0x00000000f1900000)
  to   space 36864K, 0% used [0x00000000ed180000,0x00000000ed180000,0x00000000ef580000)
 ParOldGen       total 243200K, used 51855K [0x0000000080000000, 0x000000008ed80000, 0x00000000d5580000)
  object space 243200K, 21% used [0x0000000080000000,0x00000000832a3c48,0x000000008ed80000)
 Metaspace       used 92216K, capacity 96344K, committed 98496K, reserved 1134592K
  class space    used 12010K, capacity 12836K, committed 13312K, reserved 1048576K
}
Event: 3153.882 GC heap before
{Heap before GC invocations=19 (full 4):
 PSYoungGen      total 425472K, used 389120K [0x00000000d5580000, 0x00000000f1d80000, 0x0000000100000000)
  eden space 389120K, 100% used [0x00000000d5580000,0x00000000ed180000,0x00000000ed180000)
  from space 36352K, 0% used [0x00000000ef580000,0x00000000ef580000,0x00000000f1900000)
  to   space 36864K, 0% used [0x00000000ed180000,0x00000000ed180000,0x00000000ef580000)
 ParOldGen       total 243200K, used 51855K [0x0000000080000000, 0x000000008ed80000, 0x00000000d5580000)
  object space 243200K, 21% used [0x0000000080000000,0x00000000832a3c48,0x000000008ed80000)
 Metaspace       used 101468K, capacity 105822K, committed 106944K, reserved 1142784K
  class space    used 13148K, capacity 14047K, committed 14336K, reserved 1048576K
Event: 3153.896 GC heap after
Heap after GC invocations=19 (full 4):
 PSYoungGen      total 425984K, used 13574K [0x00000000d5580000, 0x00000000f5a80000, 0x0000000100000000)
  eden space 389120K, 0% used [0x00000000d5580000,0x00000000d5580000,0x00000000ed180000)
  from space 36864K, 36% used [0x00000000ed180000,0x00000000edec18e0,0x00000000ef580000)
  to   space 34816K, 0% used [0x00000000f3880000,0x00000000f3880000,0x00000000f5a80000)
 ParOldGen       total 243200K, used 51863K [0x0000000080000000, 0x000000008ed80000, 0x00000000d5580000)
  object space 243200K, 21% used [0x0000000080000000,0x00000000832a5c48,0x000000008ed80000)
 Metaspace       used 101468K, capacity 105822K, committed 106944K, reserved 1142784K
  class space    used 13148K, capacity 14047K, committed 14336K, reserved 1048576K
}
Event: 3155.569 GC heap before
{Heap before GC invocations=20 (full 4):
 PSYoungGen      total 425984K, used 402694K [0x00000000d5580000, 0x00000000f5a80000, 0x0000000100000000)
  eden space 389120K, 100% used [0x00000000d5580000,0x00000000ed180000,0x00000000ed180000)
  from space 36864K, 36% used [0x00000000ed180000,0x00000000edec18e0,0x00000000ef580000)
  to   space 34816K, 0% used [0x00000000f3880000,0x00000000f3880000,0x00000000f5a80000)
 ParOldGen       total 243200K, used 51863K [0x0000000080000000, 0x000000008ed80000, 0x00000000d5580000)
  object space 243200K, 21% used [0x0000000080000000,0x00000000832a5c48,0x000000008ed80000)
 Metaspace       used 111015K, capacity 116618K, committed 116928K, reserved 1150976K
  class space    used 14550K, capacity 15611K, committed 15872K, reserved 1048576K
Event: 3155.595 GC heap after
Heap after GC invocations=20 (full 4):
 PSYoungGen      total 423936K, used 34794K [0x00000000d5580000, 0x00000000f5a80000, 0x0000000100000000)
  eden space 389120K, 0% used [0x00000000d5580000,0x00000000d5580000,0x00000000ed180000)
  from space 34816K, 99% used [0x00000000f3880000,0x00000000f5a7aa80,0x00000000f5a80000)
  to   space 36864K, 0% used [0x00000000ed180000,0x00000000ed180000,0x00000000ef580000)
 ParOldGen       total 243200K, used 60959K [0x0000000080000000, 0x000000008ed80000, 0x00000000d5580000)
  object space 243200K, 25% used [0x0000000080000000,0x0000000083b87f88,0x000000008ed80000)
 Metaspace       used 111015K, capacity 116618K, committed 116928K, reserved 1150976K
  class space    used 14550K, capacity 15611K, committed 15872K, reserved 1048576K
}

Deoptimization events (10 events):
Event: 3155.787 Thread 0x0000000021ad9000 Uncommon trap: reason=bimorphic action=maybe_recompile pc=0x00000000037f9d84 method=com.android.tools.r8.u.b.o1.a(Lcom/android/tools/r8/ir/analysis/type/u;)Lcom/android/tools/r8/u/b/o1; @ 23
Event: 3155.811 Thread 0x00000000227a5800 Uncommon trap: reason=class_check action=maybe_recompile pc=0x00000000067fedb8 method=com.android.tools.r8.v.a.a.a.f.U.equals(Ljava/lang/Object;)Z @ 1
Event: 3155.940 Thread 0x0000000021ae0000 Uncommon trap: reason=unstable_if action=reinterpret pc=0x00000000060894b4 method=com.android.tools.r8.ir.conversion.o.e(I)Lcom/android/tools/r8/graph/r; @ 4
Event: 3155.940 Thread 0x0000000021ae0000 Uncommon trap: reason=unstable_if action=reinterpret pc=0x0000000004c5a680 method=com.android.tools.r8.ir.conversion.o.e(I)Lcom/android/tools/r8/graph/r; @ 4
Event: 3156.012 Thread 0x0000000021ae0000 Uncommon trap: reason=unstable_if action=reinterpret pc=0x000000000672b278 method=com.android.tools.r8.u.b.S0.equals(Ljava/lang/Object;)Z @ 60
Event: 3156.182 Thread 0x0000000021ae0000 Uncommon trap: reason=class_check action=maybe_recompile pc=0x0000000005f77504 method=com.android.tools.r8.u.a.i.e.b(Lcom/android/tools/r8/u/b/h0;)V @ 236
Event: 3156.182 Thread 0x0000000021ae0000 Uncommon trap: reason=class_check action=maybe_recompile pc=0x0000000005f77ca4 method=com.android.tools.r8.u.a.i.e.b(Lcom/android/tools/r8/u/b/h0;)V @ 379
Event: 3156.182 Thread 0x0000000021ae0000 Uncommon trap: reason=bimorphic action=maybe_recompile pc=0x0000000005f78234 method=com.android.tools.r8.u.a.i.e.b(Lcom/android/tools/r8/u/b/h0;)V @ 43
Event: 3156.189 Thread 0x0000000021ae0000 Uncommon trap: reason=class_check action=maybe_recompile pc=0x0000000005f77504 method=com.android.tools.r8.u.a.i.e.b(Lcom/android/tools/r8/u/b/h0;)V @ 236
Event: 3156.189 Thread 0x0000000021ae0000 Uncommon trap: reason=bimorphic action=maybe_recompile pc=0x0000000005f78234 method=com.android.tools.r8.u.a.i.e.b(Lcom/android/tools/r8/u/b/h0;)V @ 43

Classes redefined (0 events):
No events

Internal exceptions (10 events):
Event: 3155.328 Thread 0x00000000227a5800 Exception <a 'sun/nio/fs/WindowsException'> (0x00000000db876a88) thrown at [C:\re\workspace\8-2-build-windows-amd64-cygwin\jdk8u231\13620\hotspot\src\share\vm\prims\jni.cpp, line 710]
Event: 3155.370 Thread 0x0000000021ad8800 Exception <a 'sun/nio/fs/WindowsException'> (0x00000000e6d58888) thrown at [C:\re\workspace\8-2-build-windows-amd64-cygwin\jdk8u231\13620\hotspot\src\share\vm\prims\jni.cpp, line 710]
Event: 3155.416 Thread 0x0000000021ad9000 Exception <a 'sun/nio/fs/WindowsException'> (0x00000000e7442e60) thrown at [C:\re\workspace\8-2-build-windows-amd64-cygwin\jdk8u231\13620\hotspot\src\share\vm\prims\jni.cpp, line 710]
Event: 3155.420 Thread 0x0000000021ae0000 Exception <a 'sun/nio/fs/WindowsException'> (0x00000000e733e870) thrown at [C:\re\workspace\8-2-build-windows-amd64-cygwin\jdk8u231\13620\hotspot\src\share\vm\prims\jni.cpp, line 710]
Event: 3155.437 Thread 0x0000000021ad6000 Exception <a 'sun/nio/fs/WindowsException'> (0x00000000e79575a0) thrown at [C:\re\workspace\8-2-build-windows-amd64-cygwin\jdk8u231\13620\hotspot\src\share\vm\prims\jni.cpp, line 710]
Event: 3155.459 Thread 0x0000000021ad5800 Exception <a 'sun/nio/fs/WindowsException'> (0x00000000e8068708) thrown at [C:\re\workspace\8-2-build-windows-amd64-cygwin\jdk8u231\13620\hotspot\src\share\vm\prims\jni.cpp, line 710]
Event: 3155.506 Thread 0x00000000227a5800 Exception <a 'sun/nio/fs/WindowsException'> (0x00000000ea0e0928) thrown at [C:\re\workspace\8-2-build-windows-amd64-cygwin\jdk8u231\13620\hotspot\src\share\vm\prims\jni.cpp, line 710]
Event: 3155.532 Thread 0x0000000021ae0000 Exception <a 'sun/nio/fs/WindowsException'> (0x00000000eb9eeaf0) thrown at [C:\re\workspace\8-2-build-windows-amd64-cygwin\jdk8u231\13620\hotspot\src\share\vm\prims\jni.cpp, line 710]
Event: 3155.562 Thread 0x00000000227a5800 Exception <a 'sun/nio/fs/WindowsException'> (0x00000000ecf02bf8) thrown at [C:\re\workspace\8-2-build-windows-amd64-cygwin\jdk8u231\13620\hotspot\src\share\vm\prims\jni.cpp, line 710]
Event: 3155.629 Thread 0x0000000021ae0000 Exception <a 'sun/nio/fs/WindowsException'> (0x00000000d6c0ea68) thrown at [C:\re\workspace\8-2-build-windows-amd64-cygwin\jdk8u231\13620\hotspot\src\share\vm\prims\jni.cpp, line 710]

Events (10 events):
Event: 3156.192 loading class com/android/tools/r8/v/a/a/a/f/f$a
Event: 3156.192 loading class com/android/tools/r8/v/a/a/a/f/f$a done
Event: 3156.193 loading class com/android/tools/r8/v/a/a/a/f/n
Event: 3156.193 loading class com/android/tools/r8/v/a/a/a/f/n done
Event: 3156.193 loading class com/android/tools/r8/v/a/a/a/f/K$b
Event: 3156.193 loading class com/android/tools/r8/v/a/a/a/f/K$b done
Event: 3156.211 loading class com/android/tools/r8/v/a/a/a/h/N
Event: 3156.211 loading class com/android/tools/r8/v/a/a/a/h/N done
Event: 3156.233 Executing VM operation: ForceSafepoint
Event: 3156.233 Executing VM operation: ForceSafepoint done


Dynamic libraries:
0x00007ff656bf0000 - 0x00007ff656c27000 	D:\Program Files\Java\jdk1.8.0_231\bin\java.exe
0x00007ff813c20000 - 0x00007ff813e10000 	C:\WINDOWS\SYSTEM32\ntdll.dll
0x00007ff812cf0000 - 0x00007ff812da2000 	C:\WINDOWS\System32\KERNEL32.DLL
0x00007ff810cf0000 - 0x00007ff810f94000 	C:\WINDOWS\System32\KERNELBASE.dll
0x00007ff812740000 - 0x00007ff8127e3000 	C:\WINDOWS\System32\ADVAPI32.dll
0x00007ff812920000 - 0x00007ff8129be000 	C:\WINDOWS\System32\msvcrt.dll
0x00007ff812c30000 - 0x00007ff812cc7000 	C:\WINDOWS\System32\sechost.dll
0x00007ff812800000 - 0x00007ff812920000 	C:\WINDOWS\System32\RPCRT4.dll
0x00007ff812f20000 - 0x00007ff8130b4000 	C:\WINDOWS\System32\USER32.dll
0x00007ff8119d0000 - 0x00007ff8119f1000 	C:\WINDOWS\System32\win32u.dll
0x00007ff8136c0000 - 0x00007ff8136e6000 	C:\WINDOWS\System32\GDI32.dll
0x00007ff811a00000 - 0x00007ff811b96000 	C:\WINDOWS\System32\gdi32full.dll
0x00007ff811930000 - 0x00007ff8119ce000 	C:\WINDOWS\System32\msvcp_win.dll
0x00007ff811830000 - 0x00007ff81192a000 	C:\WINDOWS\System32\ucrtbase.dll
0x00007ff800f60000 - 0x00007ff8011e4000 	C:\WINDOWS\WinSxS\amd64_microsoft.windows.common-controls_6595b64144ccf1df_6.0.18362.959_none_e6c7bbbf130c62bb\COMCTL32.dll
0x00007ff813320000 - 0x00007ff813655000 	C:\WINDOWS\System32\combase.dll
0x00007ff811c50000 - 0x00007ff811cd0000 	C:\WINDOWS\System32\bcryptPrimitives.dll
0x00007ff812db0000 - 0x00007ff812dde000 	C:\WINDOWS\System32\IMM32.DLL
0x0000000056ea0000 - 0x0000000056f72000 	D:\Program Files\Java\jdk1.8.0_231\jre\bin\msvcr100.dll
0x0000000055ae0000 - 0x0000000056386000 	D:\Program Files\Java\jdk1.8.0_231\jre\bin\server\jvm.dll
0x00007ff8127f0000 - 0x00007ff8127f8000 	C:\WINDOWS\System32\PSAPI.DLL
0x00007ff807580000 - 0x00007ff807589000 	C:\WINDOWS\SYSTEM32\WSOCK32.dll
0x00007ff808f40000 - 0x00007ff808f64000 	C:\WINDOWS\SYSTEM32\WINMM.dll
0x00007ff8126d0000 - 0x00007ff81273f000 	C:\WINDOWS\System32\WS2_32.dll
0x00007ff808f10000 - 0x00007ff808f3d000 	C:\WINDOWS\SYSTEM32\WINMMBASE.dll
0x00007ff810fa0000 - 0x00007ff810fea000 	C:\WINDOWS\System32\cfgmgr32.dll
0x00007ff8106d0000 - 0x00007ff8106da000 	C:\WINDOWS\SYSTEM32\VERSION.dll
0x00007ff8077b0000 - 0x00007ff8077bf000 	D:\Program Files\Java\jdk1.8.0_231\jre\bin\verify.dll
0x00007ff806200000 - 0x00007ff806229000 	D:\Program Files\Java\jdk1.8.0_231\jre\bin\java.dll
0x00007ff8061e0000 - 0x00007ff8061f6000 	D:\Program Files\Java\jdk1.8.0_231\jre\bin\zip.dll
0x00007ff811cd0000 - 0x00007ff8123b6000 	C:\WINDOWS\System32\SHELL32.dll
0x00007ff813270000 - 0x00007ff813319000 	C:\WINDOWS\System32\shcore.dll
0x00007ff810ff0000 - 0x00007ff811772000 	C:\WINDOWS\System32\windows.storage.dll
0x00007ff810b70000 - 0x00007ff810b93000 	C:\WINDOWS\System32\profapi.dll
0x00007ff810b20000 - 0x00007ff810b6a000 	C:\WINDOWS\System32\powrprof.dll
0x00007ff810ad0000 - 0x00007ff810ae0000 	C:\WINDOWS\System32\UMPDC.dll
0x00007ff8129c0000 - 0x00007ff812a12000 	C:\WINDOWS\System32\shlwapi.dll
0x00007ff810ae0000 - 0x00007ff810af1000 	C:\WINDOWS\System32\kernel.appcore.dll
0x00007ff811780000 - 0x00007ff811797000 	C:\WINDOWS\System32\cryptsp.dll
0x00007ff804f70000 - 0x00007ff804f8a000 	D:\Program Files\Java\jdk1.8.0_231\jre\bin\net.dll
0x00007ff810270000 - 0x00007ff8102d7000 	C:\WINDOWS\system32\mswsock.dll
0x00007ff804f40000 - 0x00007ff804f52000 	D:\Program Files\Java\jdk1.8.0_231\jre\bin\nio.dll
0x00007ff804e60000 - 0x00007ff804e86000 	D:\Android\.gradle\native\31\windows-amd64\native-platform.dll
0x00007ff807760000 - 0x00007ff80776d000 	D:\Program Files\Java\jdk1.8.0_231\jre\bin\management.dll
0x00007ff80fde0000 - 0x00007ff80fe13000 	C:\WINDOWS\system32\rsaenh.dll
0x00007ff8117a0000 - 0x00007ff8117c6000 	C:\WINDOWS\System32\bcrypt.dll
0x00007ff8109f0000 - 0x00007ff810a15000 	C:\WINDOWS\SYSTEM32\USERENV.dll
0x00007ff810440000 - 0x00007ff81044c000 	C:\WINDOWS\SYSTEM32\CRYPTBASE.dll
0x00007ff80ff80000 - 0x00007ff80ffba000 	C:\WINDOWS\SYSTEM32\IPHLPAPI.DLL
0x00007ff8125f0000 - 0x00007ff8125f8000 	C:\WINDOWS\System32\NSI.dll
0x00007ff80c170000 - 0x00007ff80c186000 	C:\WINDOWS\SYSTEM32\dhcpcsvc6.DLL
0x00007ff80c100000 - 0x00007ff80c11c000 	C:\WINDOWS\SYSTEM32\dhcpcsvc.DLL
0x00007ff80ffc0000 - 0x00007ff81008b000 	C:\WINDOWS\SYSTEM32\DNSAPI.dll
0x00007ff804e30000 - 0x00007ff804e54000 	D:\Program Files\Java\jdk1.8.0_231\jre\bin\sunec.dll
0x00007ff80b180000 - 0x00007ff80b18a000 	C:\Windows\System32\rasadhlp.dll
0x00007ff80bce0000 - 0x00007ff80bd57000 	C:\WINDOWS\System32\fwpuclnt.dll
0x00007ff8076a0000 - 0x00007ff8076ab000 	D:\Program Files\Java\jdk1.8.0_231\jre\bin\sunmscapi.dll
0x00007ff810ba0000 - 0x00007ff810ce9000 	C:\WINDOWS\System32\CRYPT32.dll
0x00007ff810b00000 - 0x00007ff810b12000 	C:\WINDOWS\System32\MSASN1.dll
0x00007ff80fac0000 - 0x00007ff80faf1000 	C:\WINDOWS\SYSTEM32\ntmarta.dll
0x00007ffff60b0000 - 0x00007ffff624a000 	D:\Program Files\Java\jdk1.8.0_231\jre\bin\awt.dll
0x00007ff812aa0000 - 0x00007ff812b65000 	C:\WINDOWS\System32\OLEAUT32.dll
0x00007ff80ecd0000 - 0x00007ff80ed5f000 	C:\WINDOWS\SYSTEM32\apphelp.dll
0x00007ff80f310000 - 0x00007ff80f33d000 	C:\WINDOWS\system32\DWMAPI.DLL
0x00007ff80edd0000 - 0x00007ff80ee69000 	C:\WINDOWS\system32\uxtheme.dll
0x00007ff804aa0000 - 0x00007ff804aca000 	D:\Program Files\Java\jdk1.8.0_231\jre\bin\dcpr.dll

VM Arguments:
jvm_args: -Xmx2048m -Dfile.encoding=UTF-8 -Duser.country=CN -Duser.language=zh -Duser.variant 
java_command: org.gradle.launcher.daemon.bootstrap.GradleDaemon 6.1.1
java_class_path (initial): D:\Android\.gradle\wrapper\dists\gradle-6.1.1-all\cfmwm155h49vnt3hynmlrsdst\gradle-6.1.1\lib\gradle-launcher-6.1.1.jar
Launcher Type: SUN_STANDARD

Environment Variables:
JAVA_HOME=D:\Program Files\Java\jdk1.8.0_231
CLASSPATH=.;D:\Program Files\Java\jdk1.8.0_231\lib;D:\Program Files\Java\jdk1.8.0_231\lib\tools.jar
PATH=C:\Program Files\Common Files\Oracle\Java\javapath;C:\Program Files (x86)\Common Files\Oracle\Java\javapath;D:\Program Files (x86)\Python37\Scripts\;D:\Program Files (x86)\Python37\;C:\WINDOWS\system32;C:\WINDOWS;C:\WINDOWS\System32\Wbem;C:\WINDOWS\System32\WindowsPowerShell\v1.0\;C:\WINDOWS\System32\OpenSSH\;D:\Program Files (x86)\mysql-5.6.45\bin;D:\Program Files\Java\jdk1.8.0_231\bin;D:\Program Files\Java\jdk1.8.0_231\jre\bin;D:\Android\Sdk\ndk\20.1.5948944;D:\Program Files\Git\cmd;D:\Program Files\gradle-6.0\bin;D:\Android\Sdk\ndk\21.0.6113669;D:\Android\Sdk\platform-tools;D:\Program Files\Maven\bin;D:\Program Files\nodejs\;D:\Program Files\nodejs\node_global;D:\Android\flutter\bin;;D:\Program Files\Dart\dart-sdk\bin;C:\Users\jinj\AppData\Local\Microsoft\WindowsApps;D:\Program Files (x86)\PyCharm 2019.2.1\bin;D:\Program Files\Microsoft VS Code\bin;C:\Users\jinj\AppData\Local\BypassRuntm;C:\Users\jinj\AppData\Roaming\npm;%USERPROFILE%\AppData\Local\Microsoft\WindowsApps;
USERNAME=jinj
OS=Windows_NT
PROCESSOR_IDENTIFIER=Intel64 Family 6 Model 158 Stepping 10, GenuineIntel



---------------  S Y S T E M  ---------------

OS: Windows 10.0 , 64 bit Build 18362 (10.0.18362.959)

CPU:total 6 (initial active 6) (6 cores per cpu, 1 threads per core) family 6 model 158 stepping 10, cmov, cx8, fxsr, mmx, sse, sse2, sse3, ssse3, sse4.1, sse4.2, popcnt, avx, avx2, aes, clmul, erms, 3dnowpref, lzcnt, tsc, tscinvbit, bmi1, bmi2, adx

Memory: 4k page, physical 16692460k(3219940k free), swap 26754844k(5244k free)

vm_info: Java HotSpot(TM) 64-Bit Server VM (25.231-b11) for windows-amd64 JRE (1.8.0_231-b11), built on Oct  5 2019 03:11:30 by "java_re" with MS VC++ 10.0 (VS2010)

time: Thu Sep 03 17:48:32 2020
timezone: 中国标准时间
elapsed time: 3156 seconds (0d 0h 52m 36s)

